Finished intaking image paths!!
Dataset has 100000 images
EPOCH=1
  iteration=100: loss=0.025888770818710327
  iteration=200: loss=0.023435963317751884
  iteration=300: loss=0.018903905525803566
  iteration=400: loss=0.035818275064229965
  iteration=500: loss=0.014234045520424843
  iteration=600: loss=0.016241956502199173
  iteration=700: loss=0.009668402373790741
  iteration=800: loss=0.014268101193010807
  iteration=900: loss=0.011392179876565933
  iteration=1000: loss=0.026032177731394768
  iteration=1100: loss=0.013921888545155525
  iteration=1200: loss=0.012366225942969322
  iteration=1300: loss=0.010241287760436535
  iteration=1400: loss=0.01120190043002367
  iteration=1500: loss=0.011943723075091839
  average epoch loss: 0.00029188929087948053
  epoch time: 89.22063088417053
EPOCH=2
  iteration=100: loss=0.02772059664130211
  iteration=200: loss=0.012098915874958038
  iteration=300: loss=0.011894935742020607
  iteration=400: loss=0.017192013561725616
  iteration=500: loss=0.01060018502175808
  iteration=600: loss=0.013685920275747776
  iteration=700: loss=0.012319957837462425
  iteration=800: loss=0.014226618222892284
  iteration=900: loss=0.0091644786298275
  iteration=1000: loss=0.015379371121525764
  iteration=1100: loss=0.008756480179727077
  iteration=1200: loss=0.010079214349389076
  iteration=1300: loss=0.009287558495998383
  iteration=1400: loss=0.013072425499558449
  iteration=1500: loss=0.00611521303653717
  average epoch loss: 0.00019677657219115645
  epoch time: 91.0671935081482
EPOCH=3
  iteration=100: loss=0.010310427285730839
  iteration=200: loss=0.009447650983929634
  iteration=300: loss=0.006366059649735689
  iteration=400: loss=0.015934640541672707
  iteration=500: loss=0.017064230516552925
  iteration=600: loss=0.007281939499080181
  iteration=700: loss=0.016111167147755623
  iteration=800: loss=0.008082970976829529
  iteration=900: loss=0.006174487993121147
  iteration=1000: loss=0.008551235310733318
  iteration=1100: loss=0.010457382537424564
  iteration=1200: loss=0.014764856547117233
  iteration=1300: loss=0.007371412590146065
  iteration=1400: loss=0.00722882617264986
  iteration=1500: loss=0.007205861620604992
  average epoch loss: 0.0001762848388729617
  epoch time: 90.21390342712402
EPOCH=4
  iteration=100: loss=0.006235005334019661
  iteration=200: loss=0.006731004454195499
  iteration=300: loss=0.01693054661154747
  iteration=400: loss=0.009756344370543957
  iteration=500: loss=0.012850424274802208
  iteration=600: loss=0.017563771456480026
  iteration=700: loss=0.01473330520093441
  iteration=800: loss=0.006565576419234276
  iteration=900: loss=0.008317778818309307
  iteration=1000: loss=0.014846894890069962
  iteration=1100: loss=0.012031305581331253
  iteration=1200: loss=0.013622666709125042
  iteration=1300: loss=0.015007955022156239
  iteration=1400: loss=0.007893613539636135
  iteration=1500: loss=0.009358212351799011
  average epoch loss: 0.00016584697460290046
  epoch time: 89.07046818733215
EPOCH=5
  iteration=100: loss=0.0056260814890265465
  iteration=200: loss=0.010667157359421253
  iteration=300: loss=0.006589287426322699
  iteration=400: loss=0.008496314287185669
  iteration=500: loss=0.008862855844199657
  iteration=600: loss=0.016287006437778473
  iteration=700: loss=0.009470025077462196
  iteration=800: loss=0.013327103108167648
  iteration=900: loss=0.013198028318583965
  iteration=1000: loss=0.005139773711562157
  iteration=1100: loss=0.026931127533316612
  iteration=1200: loss=0.011605650186538696
  iteration=1300: loss=0.014543958008289337
  iteration=1400: loss=0.012416468933224678
  iteration=1500: loss=0.012023039162158966
  average epoch loss: 0.0001550554217817262
  epoch time: 90.42484521865845
EPOCH=6
  iteration=100: loss=0.010371907614171505
  iteration=200: loss=0.00816141813993454
  iteration=300: loss=0.006659227889031172
  iteration=400: loss=0.006987825036048889
  iteration=500: loss=0.012857142835855484
  iteration=600: loss=0.018616020679473877
  iteration=700: loss=0.005952095612883568
  iteration=800: loss=0.008848089724779129
  iteration=900: loss=0.00898442231118679
  iteration=1000: loss=0.009679216891527176
  iteration=1100: loss=0.008049149066209793
  iteration=1200: loss=0.008540423586964607
  iteration=1300: loss=0.009164235554635525
  iteration=1400: loss=0.00936972163617611
  iteration=1500: loss=0.008360388688743114
  average epoch loss: 0.0001482593486085534
  epoch time: 88.83473467826843
EPOCH=7
  iteration=100: loss=0.008144191466271877
  iteration=200: loss=0.01248098537325859
  iteration=300: loss=0.010959940031170845
  iteration=400: loss=0.010810722596943378
  iteration=500: loss=0.008246737532317638
  iteration=600: loss=0.00577914621680975
  iteration=700: loss=0.007145540323108435
  iteration=800: loss=0.007096672430634499
  iteration=900: loss=0.010134270414710045
  iteration=1000: loss=0.013965687714517117
  iteration=1100: loss=0.008365968242287636
  iteration=1200: loss=0.007102204021066427
  iteration=1300: loss=0.009898720309138298
  iteration=1400: loss=0.009212692268192768
  iteration=1500: loss=0.007079114206135273
  average epoch loss: 0.00014573458963772283
  epoch time: 90.51138877868652
EPOCH=8
  iteration=100: loss=0.0113065829500556
  iteration=200: loss=0.010706545785069466
  iteration=300: loss=0.005820849910378456
  iteration=400: loss=0.009793272241950035
  iteration=500: loss=0.008813058957457542
  iteration=600: loss=0.008489169180393219
  iteration=700: loss=0.009903619065880775
  iteration=800: loss=0.01046432089060545
  iteration=900: loss=0.008773259818553925
  iteration=1000: loss=0.008691441267728806
  iteration=1100: loss=0.010725668631494045
  iteration=1200: loss=0.0077036600559949875
  iteration=1300: loss=0.00610957108438015
  iteration=1400: loss=0.007001801393926144
  iteration=1500: loss=0.009052259847521782
  average epoch loss: 0.00014238813454285263
  epoch time: 85.6246542930603
EPOCH=9
  iteration=100: loss=0.00610785186290741
  iteration=200: loss=0.009345218539237976
  iteration=300: loss=0.008262289687991142
  iteration=400: loss=0.006388823501765728
  iteration=500: loss=0.008584580384194851
  iteration=600: loss=0.007783909328281879
  iteration=700: loss=0.00829792395234108
  iteration=800: loss=0.008033353835344315
  iteration=900: loss=0.009842749685049057
  iteration=1000: loss=0.008350958116352558
  iteration=1100: loss=0.010610557161271572
  iteration=1200: loss=0.007061641663312912
  iteration=1300: loss=0.010936984792351723
  iteration=1400: loss=0.008944883942604065
  iteration=1500: loss=0.008660417050123215
  average epoch loss: 0.00013845728541724383
  epoch time: 89.73117995262146
EPOCH=10
  iteration=100: loss=0.007754371501505375
  iteration=200: loss=0.005909413564950228
  iteration=300: loss=0.0075779324397444725
  iteration=400: loss=0.005977775901556015
  iteration=500: loss=0.005692006554454565
  iteration=600: loss=0.005158357787877321
  iteration=700: loss=0.010611927136778831
  iteration=800: loss=0.005438376218080521
  iteration=900: loss=0.021088510751724243
  iteration=1000: loss=0.007038364186882973
  iteration=1100: loss=0.005403957329690456
  iteration=1200: loss=0.007932495325803757
  iteration=1300: loss=0.007075118366628885
  iteration=1400: loss=0.006562124006450176
  iteration=1500: loss=0.006039968691766262
  average epoch loss: 0.00013561560929054394
  epoch time: 90.36431574821472
EPOCH=11
  iteration=100: loss=0.006547119934111834
  iteration=200: loss=0.007508139591664076
  iteration=300: loss=0.005667977966368198
  iteration=400: loss=0.009461650624871254
  iteration=500: loss=0.005652982275933027
  iteration=600: loss=0.006212179083377123
  iteration=700: loss=0.007063071243464947
  iteration=800: loss=0.01112100575119257
  iteration=900: loss=0.009027539752423763
  iteration=1000: loss=0.0055363853462040424
  iteration=1100: loss=0.005976544693112373
  iteration=1200: loss=0.006111458875238895
  iteration=1300: loss=0.0063818395137786865
  iteration=1400: loss=0.010208725929260254
  iteration=1500: loss=0.009970247745513916
  average epoch loss: 0.0001334286503586918
  epoch time: 90.43214631080627
EPOCH=12
  iteration=100: loss=0.007174436002969742
  iteration=200: loss=0.013367811217904091
  iteration=300: loss=0.00824439711868763
  iteration=400: loss=0.006398034282028675
  iteration=500: loss=0.008200418204069138
  iteration=600: loss=0.009049970656633377
  iteration=700: loss=0.010950643569231033
  iteration=800: loss=0.006452849134802818
  iteration=900: loss=0.006700389087200165
  iteration=1000: loss=0.009100253693759441
  iteration=1100: loss=0.006451968569308519
  iteration=1200: loss=0.006955957040190697
  iteration=1300: loss=0.006852868944406509
  iteration=1400: loss=0.01008113007992506
  iteration=1500: loss=0.007762719877064228
  average epoch loss: 0.00013157009729649873
  epoch time: 88.23188161849976
EPOCH=13
  iteration=100: loss=0.008516168221831322
  iteration=200: loss=0.006972146220505238
  iteration=300: loss=0.005751610733568668
  iteration=400: loss=0.007170263212174177
  iteration=500: loss=0.008776768110692501
  iteration=600: loss=0.011064121499657631
  iteration=700: loss=0.008939797058701515
  iteration=800: loss=0.01087937131524086
  iteration=900: loss=0.005194349214434624
  iteration=1000: loss=0.010255834087729454
  iteration=1100: loss=0.008837420493364334
  iteration=1200: loss=0.0056830402463674545
  iteration=1300: loss=0.009139373898506165
  iteration=1400: loss=0.005800805985927582
  iteration=1500: loss=0.007052316330373287
  average epoch loss: 0.00013008284536190331
  epoch time: 90.59065341949463
EPOCH=14
  iteration=100: loss=0.0056230369955301285
  iteration=200: loss=0.005157667677849531
  iteration=300: loss=0.009068689309060574
  iteration=400: loss=0.005859551019966602
  iteration=500: loss=0.007510635070502758
  iteration=600: loss=0.005283080507069826
  iteration=700: loss=0.01322994939982891
  iteration=800: loss=0.00810944102704525
  iteration=900: loss=0.007549694739282131
  iteration=1000: loss=0.009405290707945824
  iteration=1100: loss=0.00818130187690258
  iteration=1200: loss=0.010357752442359924
  iteration=1300: loss=0.019266022369265556
  iteration=1400: loss=0.009175951592624187
  iteration=1500: loss=0.004779030103236437
  average epoch loss: 0.00012872551356907935
  epoch time: 89.45459628105164
EPOCH=15
  iteration=100: loss=0.006789627484977245
  iteration=200: loss=0.00982675515115261
  iteration=300: loss=0.009423231706023216
  iteration=400: loss=0.010779953561723232
  iteration=500: loss=0.010010170750319958
  iteration=600: loss=0.0068513499572873116
  iteration=700: loss=0.008310125209391117
  iteration=800: loss=0.008562978357076645
  iteration=900: loss=0.010881371796131134
  iteration=1000: loss=0.009231312200427055
  iteration=1100: loss=0.0077302297577261925
  iteration=1200: loss=0.008321980014443398
  iteration=1300: loss=0.00919440295547247
  iteration=1400: loss=0.0074851252138614655
  iteration=1500: loss=0.00498629966750741
  average epoch loss: 0.00012603072427911684
  epoch time: 85.66548705101013
EPOCH=16
  iteration=100: loss=0.008539639413356781
  iteration=200: loss=0.008363978005945683
  iteration=300: loss=0.01033793669193983
  iteration=400: loss=0.005488559603691101
  iteration=500: loss=0.005313205998390913
  iteration=600: loss=0.01104537583887577
  iteration=700: loss=0.01321243867278099
  iteration=800: loss=0.005711360834538937
  iteration=900: loss=0.006467163562774658
  iteration=1000: loss=0.014248729683458805
  iteration=1100: loss=0.009546145796775818
  iteration=1200: loss=0.01119136717170477
  iteration=1300: loss=0.008685414679348469
  iteration=1400: loss=0.0065382095053792
  iteration=1500: loss=0.005984458141028881
  average epoch loss: 0.00012427190183429048
  epoch time: 87.31321454048157
EPOCH=17
  iteration=100: loss=0.00799906812608242
  iteration=200: loss=0.006993627175688744
  iteration=300: loss=0.008588798344135284
  iteration=400: loss=0.00933501124382019
  iteration=500: loss=0.007877402938902378
  iteration=600: loss=0.010816935449838638
  iteration=700: loss=0.011062415316700935
  iteration=800: loss=0.007892437279224396
  iteration=900: loss=0.009840433485805988
  iteration=1000: loss=0.006911711301654577
  iteration=1100: loss=0.013948407955467701
  iteration=1200: loss=0.007773319724947214
  iteration=1300: loss=0.010207735002040863
  iteration=1400: loss=0.00526509340852499
  iteration=1500: loss=0.005605629645287991
  average epoch loss: 0.00012537768909242004
  epoch time: 86.77190041542053
EPOCH=18
  iteration=100: loss=0.007180788554251194
  iteration=200: loss=0.006673498544842005
  iteration=300: loss=0.00932839885354042
  iteration=400: loss=0.008649198338389397
  iteration=500: loss=0.00766021478921175
  iteration=600: loss=0.01127166859805584
  iteration=700: loss=0.007251263130456209
  iteration=800: loss=0.005558911710977554
  iteration=900: loss=0.0072018178179860115
  iteration=1000: loss=0.00964498333632946
  iteration=1100: loss=0.008065617643296719
  iteration=1200: loss=0.00904459971934557
  iteration=1300: loss=0.007953496649861336
  iteration=1400: loss=0.004193542525172234
  iteration=1500: loss=0.007458403706550598
  average epoch loss: 0.0001233113865274936
  epoch time: 84.73524785041809
EPOCH=19
  iteration=100: loss=0.004323846660554409
  iteration=200: loss=0.006575371604412794
  iteration=300: loss=0.008766228333115578
  iteration=400: loss=0.008679255843162537
  iteration=500: loss=0.008103255182504654
  iteration=600: loss=0.009747574105858803
  iteration=700: loss=0.007543961517512798
  iteration=800: loss=0.008807768113911152
  iteration=900: loss=0.0069531770423054695
  iteration=1000: loss=0.007320993579924107
  iteration=1100: loss=0.006916027516126633
  iteration=1200: loss=0.010300934314727783
  iteration=1300: loss=0.005363769829273224
  iteration=1400: loss=0.010385323315858841
  iteration=1500: loss=0.007035319227725267
  average epoch loss: 0.00012290819756453856
  epoch time: 85.31759238243103
EPOCH=20
  iteration=100: loss=0.006151452194899321
  iteration=200: loss=0.006370212882757187
  iteration=300: loss=0.013907406479120255
  iteration=400: loss=0.007309524808079004
  iteration=500: loss=0.010867459699511528
  iteration=600: loss=0.007949164137244225
  iteration=700: loss=0.009148937650024891
  iteration=800: loss=0.0058667827397584915
  iteration=900: loss=0.010320393368601799
  iteration=1000: loss=0.009340619668364525
  iteration=1100: loss=0.005003134720027447
  iteration=1200: loss=0.008162673562765121
  iteration=1300: loss=0.00564950704574585
  iteration=1400: loss=0.00572610180824995
  iteration=1500: loss=0.011032764799892902
  average epoch loss: 0.00012045911832014099
  epoch time: 90.5348641872406
